<?xml version="1.0" encoding="UTF-8"?>
<!-- Generated by org.testng.reporters.JUnitReportReporter -->
<testsuite hostname="Dilnawazs-MacBook-Air.local" name="com.Selenium.SeleniumDemo.A1" tests="1" failures="0" timestamp="29 Oct 2020 08:42:36 GMT" time="12.848" errors="0">
  <testcase name="testcase1" time="12.848" classname="com.Selenium.SeleniumDemo.A1"/>
</testsuite>
