<?xml version="1.0" encoding="UTF-8"?>
<!-- Generated by org.testng.reporters.JUnitReportReporter -->
<testsuite hostname="Dilnawazs-MacBook-Air.local" name="com.Selenium.SeleniumDemo.test1" tests="1" failures="0" timestamp="29 Oct 2020 08:17:27 GMT" time="0.015" errors="0">
  <testcase name="getTitle" time="0.015" classname="com.Selenium.SeleniumDemo.test1"/>
</testsuite>
