<?xml version="1.0" encoding="UTF-8"?>
<!-- Generated by org.testng.reporters.JUnitReportReporter -->
<testsuite hostname="Dilnawazs-MacBook-Air.local" name="com.Selenium.SeleniumDemo.A4" tests="1" failures="0" timestamp="29 Oct 2020 08:42:31 GMT" time="17.157" errors="0">
  <testcase name="testcase4" time="17.157" classname="com.Selenium.SeleniumDemo.A4"/>
</testsuite>
