<?xml version="1.0" encoding="UTF-8"?>
<!-- Generated by org.testng.reporters.JUnitReportReporter -->
<testsuite hostname="Dilnawazs-MacBook-Air.local" name="com.Selenium.SeleniumDemo.A3" tests="1" failures="0" timestamp="29 Oct 2020 08:42:26 GMT" time="14.474" errors="0">
  <testcase name="testcase3" time="14.474" classname="com.Selenium.SeleniumDemo.A3"/>
</testsuite>
