<?xml version="1.0" encoding="UTF-8"?>
<!-- Generated by org.testng.reporters.JUnitReportReporter -->
<testsuite hostname="Dilnawazs-MacBook-Air.local" name="com.Selenium.SeleniumDemo.testngAnnotation" tests="2" failures="0" timestamp="29 Oct 2020 08:15:45 GMT" time="0.011" errors="0">
  <testcase name="testCase1" time="0.007" classname="com.Selenium.SeleniumDemo.testngAnnotation"/>
  <testcase name="testCase2" time="0.004" classname="com.Selenium.SeleniumDemo.testngAnnotation"/>
</testsuite>
